<?xml version="1.0" encoding="UTF-8"?>
<testsuites name="jest tests" tests="1" failures="0" errors="0" time="37.793">
  <testsuite name="HelloWorld.vue" errors="0" failures="0" skipped="0" timestamp="2025-04-13T12:55:14" time="14.074" tests="1">
    <testcase classname="HelloWorld.vue-renders props.msg when passed" name="HelloWorld.vue-renders props.msg when passed" time="0.047">
    </testcase>
  </testsuite>
</testsuites>